<!DOCTYPE html>
<html>
<head>
    <title>{} Test Report</title>
    <meta charset="utf-8">
    <meta name="viewport" content="width=device-width, initial-scale=1.0">
    <link rel="stylesheet" href="https://maxcdn.bootstrapcdn.com/bootstrap/3.3.6/css/bootstrap.min.css" integrity="sha384-1q8mTJOASx8j1Au+a5WDVnPi2lkFfwwEAa8hDDdjZlpLegxhjVME1fgjWPGmkzs7" crossorigin="anonymous">
</head>
<body>
    <div class="container">
        <div class="row">
            <div class="col-xs-12">
                <h2 class="text-capitalize">{} Test Report</h2>
                <p class='attribute'><strong>Start Time: </strong>2019-11-20 14:10:26</p>
                <p class='attribute'><strong>Duration: </strong>0 ms</p>
                <p class='attribute'><strong>Summary: </strong>Total: 2, Pass: 0, Error: 2</p>
            </div>
        </div>
        <div class="row">
            <div class="col-xs-12 col-sm-10 col-md-10">
                <table class='table table-hover table-responsive'>
                    <thead>
                        <tr>
                            <th>setUpClass (resources.tests.test_cases.login_test</th>
                            <th>Status</th>
                            <th></th>
                        </tr>
                    </thead>
                    <tbody>
                        <tr class='warning'>
                            <td class="col-xs-10">LoginTests)</td>
                            <td class="col-xs-1">
                                <span class="label label-warning" style="display:block;width:40px;">Error</span>
                            </td>
                            <td class="col-xs-1">
                                <button class="btn btn-default btn-xs">View</button>
                            </td>
                        </tr>
                        <tr style="display:none;">
                            <td class="col-xs-9" colspan="3"><p style="color:maroon;">WebDriverException: Message: 'chromedriver' executable may have wrong permissions. Please see https://sites.google.com/a/chromium.org/chromedriver/home
</p><p style="color:maroon;">Traceback (most recent call last):
  File "D:\Tomer David\Anaconda3\envs\PHPTRAVELS_tests\lib\site-packages\selenium\webdriver\common\service.py", line 76, in start
    stdin=PIPE)
  File "D:\Tomer David\Anaconda3\envs\PHPTRAVELS_tests\lib\subprocess.py", line 800, in __init__
    restore_signals, start_new_session)
  File "D:\Tomer David\Anaconda3\envs\PHPTRAVELS_tests\lib\subprocess.py", line 1207, in _execute_child
    startupinfo)
PermissionError: [WinError 5] Access is denied

During handling of the above exception, another exception occurred:

Traceback (most recent call last):
  File "C:\Users\Tomer David\PycharmProjects\PHPTRAVELS_tests\resources\tests\test_cases\login_test.py", line 12, in setUpClass
    super().setUpClass()
  File "C:\Users\Tomer David\PycharmProjects\PHPTRAVELS_tests\resources\tests\base_tests\base_test.py", line 15, in setUpClass
    cls.browser = BrowserFactory.create_browser()
  File "C:\Users\Tomer David\PycharmProjects\PHPTRAVELS_tests\resources\infra\browser.py", line 25, in create_browser
    driver = webdriver.Chrome(chrome_options=options,executable_path=CHROMEDRIVER_DIR_PATH)
  File "D:\Tomer David\Anaconda3\envs\PHPTRAVELS_tests\lib\site-packages\selenium\webdriver\chrome\webdriver.py", line 73, in __init__
    self.service.start()
  File "D:\Tomer David\Anaconda3\envs\PHPTRAVELS_tests\lib\site-packages\selenium\webdriver\common\service.py", line 88, in start
    os.path.basename(self.path), self.start_error_message)
selenium.common.exceptions.WebDriverException: Message: 'chromedriver' executable may have wrong permissions. Please see https://sites.google.com/a/chromium.org/chromedriver/home

</p>
                            </td>
                        </tr>
                        <tr>
                            <td colspan="3">
                                Total: 1, Pass: 0, Error: 1 -- Duration: 0 ms
                            </td>
                        </tr>
                    </tbody>
                </table>
            </div>
        </div>
        <div class="row">
            <div class="col-xs-12 col-sm-10 col-md-10">
                <table class='table table-hover table-responsive'>
                    <thead>
                        <tr>
                            <th>setUpClass (resources.tests.test_cases.registration_test</th>
                            <th>Status</th>
                            <th></th>
                        </tr>
                    </thead>
                    <tbody>
                        <tr class='warning'>
                            <td class="col-xs-10">RegistrationTests)</td>
                            <td class="col-xs-1">
                                <span class="label label-warning" style="display:block;width:40px;">Error</span>
                            </td>
                            <td class="col-xs-1">
                                <button class="btn btn-default btn-xs">View</button>
                            </td>
                        </tr>
                        <tr style="display:none;">
                            <td class="col-xs-9" colspan="3"><p style="color:maroon;">WebDriverException: Message: 'chromedriver' executable may have wrong permissions. Please see https://sites.google.com/a/chromium.org/chromedriver/home
</p><p style="color:maroon;">Traceback (most recent call last):
  File "D:\Tomer David\Anaconda3\envs\PHPTRAVELS_tests\lib\site-packages\selenium\webdriver\common\service.py", line 76, in start
    stdin=PIPE)
  File "D:\Tomer David\Anaconda3\envs\PHPTRAVELS_tests\lib\subprocess.py", line 800, in __init__
    restore_signals, start_new_session)
  File "D:\Tomer David\Anaconda3\envs\PHPTRAVELS_tests\lib\subprocess.py", line 1207, in _execute_child
    startupinfo)
PermissionError: [WinError 5] Access is denied

During handling of the above exception, another exception occurred:

Traceback (most recent call last):
  File "C:\Users\Tomer David\PycharmProjects\PHPTRAVELS_tests\resources\tests\test_cases\registration_test.py", line 14, in setUpClass
    super().setUpClass()
  File "C:\Users\Tomer David\PycharmProjects\PHPTRAVELS_tests\resources\tests\base_tests\base_test.py", line 15, in setUpClass
    cls.browser = BrowserFactory.create_browser()
  File "C:\Users\Tomer David\PycharmProjects\PHPTRAVELS_tests\resources\infra\browser.py", line 25, in create_browser
    driver = webdriver.Chrome(chrome_options=options,executable_path=CHROMEDRIVER_DIR_PATH)
  File "D:\Tomer David\Anaconda3\envs\PHPTRAVELS_tests\lib\site-packages\selenium\webdriver\chrome\webdriver.py", line 73, in __init__
    self.service.start()
  File "D:\Tomer David\Anaconda3\envs\PHPTRAVELS_tests\lib\site-packages\selenium\webdriver\common\service.py", line 88, in start
    os.path.basename(self.path), self.start_error_message)
selenium.common.exceptions.WebDriverException: Message: 'chromedriver' executable may have wrong permissions. Please see https://sites.google.com/a/chromium.org/chromedriver/home

</p>
                            </td>
                        </tr>
                        <tr>
                            <td colspan="3">
                                Total: 1, Pass: 0, Error: 1 -- Duration: 0 ms
                            </td>
                        </tr>
                    </tbody>
                </table>
            </div>
        </div>
    </div>
    <script src="https://ajax.googleapis.com/ajax/libs/jquery/2.2.4/jquery.min.js"></script>
    <script type="text/javascript">
        $(document).ready(function(){
            $('td').on('click', '.btn', function(e){
                e.preventDefault();
                e.stopImmediatePropagation();
                var $this = $(this);
                var $nextRow = $this.closest('tr').next('tr');
                $nextRow.slideToggle("fast");
                $this.text(function(i, text){
                    if (text === 'View') {
                        return 'Hide';
                    } else {
                        return 'View';
                    };
                });
            });
        });
    </script>
</body>
</html